<?xml version="1.0" encoding="UTF-8"?>
<!-- Generated by org.testng.reporters.JUnitXMLReporter -->
<testsuite hostname="DESKTOP-OFC8VFN" ignored="0" name="FlipKart Smoke Tests" tests="15" failures="1" timestamp="16 Apr 2020 10:06:40 GMT" time="177.419" errors="0">
  <testcase name="clickOnSearchBar" time="4.736" classname="com.qa.flipkart.tests.HomePageTest">
    <skipped/>
  </testcase> <!-- clickOnSearchBar -->
  <testcase name="clickOnSearchBar" time="5.095" classname="com.qa.flipkart.tests.HomePageTest">
    <skipped/>
  </testcase> <!-- clickOnSearchBar -->
  <testcase name="clickOnSearchBar" time="4.091" classname="com.qa.flipkart.tests.HomePageTest"/>
  <testcase name="doLogout" time="1.081" classname="com.qa.flipkart.tests.HomePageTest">
    <skipped/>
  </testcase> <!-- doLogout -->
  <testcase name="doLogout" time="1.189" classname="com.qa.flipkart.tests.HomePageTest">
    <skipped/>
  </testcase> <!-- doLogout -->
  <testcase name="doLogout" time="1.171" classname="com.qa.flipkart.tests.HomePageTest">
    <skipped/>
  </testcase> <!-- doLogout -->
  <testcase name="doLogout" time="1.212" classname="com.qa.flipkart.tests.HomePageTest">
    <failure type="java.lang.AssertionError" message="expected [true] but found [false]">
      <![CDATA[java.lang.AssertionError: expected [true] but found [false]
at com.qa.flipkart.tests.HomePageTest.doLogout(HomePageTest.java:68)
... Removed 31 stack frames]]>
    </failure>
  </testcase> <!-- doLogout -->
  <testcase name="getMenuBarList" time="8.605" classname="com.qa.flipkart.tests.HomePageTest">
    <skipped/>
  </testcase> <!-- getMenuBarList -->
  <testcase name="getMenuBarList" time="4.661" classname="com.qa.flipkart.tests.HomePageTest"/>
  <testcase name="goToGroceryPageTest" time="3.606" classname="com.qa.flipkart.tests.HomePageTest"/>
  <testcase name="goToOffersPageTest" time="3.785" classname="com.qa.flipkart.tests.HomePageTest"/>
  <testcase name="verifyAppUrl" time="0.022" classname="com.qa.flipkart.tests.HomePageTest"/>
  <testcase name="verifyHomePageTitle" time="0.022" classname="com.qa.flipkart.tests.HomePageTest"/>
  <testcase name="verifySubMenuBarListTest" time="7.491" classname="com.qa.flipkart.tests.HomePageTest"/>
  <testcase name="login" time="0.995" classname="com.qa.flipkart.tests.LoginPageTest"/>
</testsuite> <!-- FlipKart Smoke Tests -->
